<?xml version="1.0" encoding="UTF-8"?>
<testsuite name="com.akgs.algo.pathfinder.PathFinderTest" tests="1" skipped="0" failures="0" errors="0" timestamp="2020-11-01T15:03:27" hostname="AKUMARGS-M-814K" time="0.011">
  <properties/>
  <testcase name="multiThreadedPositiveTest_withSingleCellContraint()" classname="com.akgs.algo.pathfinder.PathFinderTest" time="0.011"/>
  <system-out><![CDATA[]]></system-out>
  <system-err><![CDATA[]]></system-err>
</testsuite>
